{"t": 1.0, "gamma": 0, "model": "t5-3b", "draft": "unigram", "sampling": "identity", "max_new_tokens": 64, "logfile": "time.log", "elapsed": 2629.9493062496185, "E_tok": 1.0}
{"t": 1.0, "gamma": 0, "model": "t5-3b", "draft": "t5-small", "sampling": "identity", "max_new_tokens": 64, "logfile": "time.log", "elapsed": 2629.9493062496185, "E_tok": 1.0}
{"t": 1.0, "gamma": 0, "model": "t5-3b", "draft": "t5-base", "sampling": "identity", "max_new_tokens": 64, "logfile": "time.log", "elapsed": 2629.9493062496185, "E_tok": 1.0}
{"t": 1.0, "gamma": 0, "model": "t5-3b", "draft": "unigram", "sampling": "argmax", "max_new_tokens": 64, "logfile": "time.log", "elapsed": 2629.9493062496185, "E_tok": 1.0}
{"t": 1.0, "gamma": 0, "model": "t5-3b", "draft": "t5-small", "sampling": "argmax", "max_new_tokens": 64, "logfile": "time.log", "elapsed": 2629.9493062496185, "E_tok": 1.0}
{"t": 1.0, "gamma": 0, "model": "t5-3b", "draft": "t5-base", "sampling": "argmax", "max_new_tokens": 64, "logfile": "time.log", "elapsed": 2629.9493062496185, "E_tok": 1.0}
{"t": 1.0, "gamma": 1, "model": "t5-3b", "draft": "unigram", "sampling": "identity", "max_new_tokens": 64, "logfile": "time.log", "elapsed": 2749.084802389145, "E_tok": 1.0}
{"t": 1.0, "gamma": 5, "model": "t5-3b", "draft": "unigram", "sampling": "identity", "max_new_tokens": 64, "logfile": "time.log", "elapsed": 2703.707834005356, "E_tok": 1.2256151655227157}
{"t": 1.0, "gamma": 9, "model": "t5-3b", "draft": "unigram", "sampling": "identity", "max_new_tokens": 64, "logfile": "time.log", "elapsed": 2675.7302973270416, "E_tok": 1.2297794766245222}
{"t": 1.0, "gamma": 2, "model": "t5-3b", "draft": "unigram", "sampling": "argmax", "max_new_tokens": 64, "logfile": "time.log", "elapsed": 2568.2885472774506, "E_tok": 1.178266280544719}
{"t": 1.0, "gamma": 5, "model": "t5-3b", "draft": "unigram", "sampling": "argmax", "max_new_tokens": 64, "logfile": "time.log", "elapsed": 2696.323306322098, "E_tok": 1.2096159018116917}
{"t": 1.0, "gamma": 3, "model": "t5-3b", "draft": "t5-small", "sampling": "identity", "max_new_tokens": 64, "logfile": "time.log", "elapsed": 2329.298999071121, "E_tok": 2.294913014754459}
{"t": 1.0, "gamma": 5, "model": "t5-3b", "draft": "t5-small", "sampling": "identity", "max_new_tokens": 64, "logfile": "time.log", "elapsed": 2356.0230197906494, "E_tok": 3.0088020670660724}
{"t": 1.0, "gamma": 7, "model": "t5-3b", "draft": "t5-small", "sampling": "identity", "max_new_tokens": 64, "logfile": "time.log", "elapsed": 2580.4137029647827, "E_tok": 3.372314437832759}
{"t": 1.0, "gamma": 9, "model": "t5-3b", "draft": "t5-small", "sampling": "identity", "max_new_tokens": 64, "logfile": "time.log", "elapsed": 2872.1491978168488, "E_tok": 3.616252370969352}
{"t": 1.0, "gamma": 3, "model": "t5-3b", "draft": "t5-small", "sampling": "argmax", "max_new_tokens": 64, "logfile": "time.log", "elapsed": 2015.5670187473297, "E_tok": 2.590443329150983}
{"t": 1.0, "gamma": 5, "model": "t5-3b", "draft": "t5-small", "sampling": "argmax", "max_new_tokens": 64, "logfile": "time.log", "elapsed": 1859.5214402675629, "E_tok": 3.7417883888188626}
{"t": 1.0, "gamma": 7, "model": "t5-3b", "draft": "t5-small", "sampling": "argmax", "max_new_tokens": 64, "logfile": "time.log", "elapsed": 1884.0265908241272, "E_tok": 4.56395218695438}
{"t": 1.0, "gamma": 9, "model": "t5-3b", "draft": "t5-small", "sampling": "argmax", "max_new_tokens": 64, "logfile": "time.log", "elapsed": 1954.4691355228424, "E_tok": 5.13152891735041}
{"t": 1.0, "gamma": 3, "model": "t5-3b", "draft": "t5-base", "sampling": "identity", "max_new_tokens": 64, "logfile": "time.log", "elapsed": 3053.3519723415375, "E_tok": 2.404348326239503}
{"t": 1.0, "gamma": 5, "model": "t5-3b", "draft": "t5-base", "sampling": "identity", "max_new_tokens": 64, "logfile": "time.log", "elapsed": 3197.814463376999, "E_tok": 3.2781977900890698}
{"t": 1.0, "gamma": 7, "model": "t5-3b", "draft": "t5-base", "sampling": "identity", "max_new_tokens": 64, "logfile": "time.log", "elapsed": 3533.4965081214905, "E_tok": 3.8176114006168245}
{"t": 1.0, "gamma": 9, "model": "t5-3b", "draft": "t5-base", "sampling": "identity", "max_new_tokens": 64, "logfile": "time.log", "elapsed": 3831.3738853931427, "E_tok": 4.167209302325581}
{"t": 1.0, "gamma": 3, "model": "t5-3b", "draft": "t5-base", "sampling": "argmax", "max_new_tokens": 64, "logfile": "time.log", "elapsed": 2646.140556335449, "E_tok": 2.682855518557622}
{"t": 1.0, "gamma": 5, "model": "t5-3b", "draft": "t5-base", "sampling": "argmax", "max_new_tokens": 64, "logfile": "time.log", "elapsed": 2498.383888721466, "E_tok": 4.0050332910589725}
{"t": 1.0, "gamma": 7, "model": "t5-3b", "draft": "t5-base", "sampling": "argmax", "max_new_tokens": 64, "logfile": "time.log", "elapsed": 2472.0557012557983, "E_tok": 4.995994920386832}
{"t": 1.0, "gamma": 9, "model": "t5-3b", "draft": "t5-base", "sampling": "argmax", "max_new_tokens": 64, "logfile": "time.log", "elapsed": 2660.2623686790466, "E_tok": 5.759342134705751}
